Using pre-set license
Built from '2020.3/staging' branch; Version is '2020.3.8f1 (507919d4fff5) revision 5273881'; Using compiler version '192528614'; Build Type 'Release'
OS: 'Windows 10 Pro; OS build 19042.1023; Version 2009; 64bit' Language: 'en' Physical Memory: 16185 MB
BatchMode: 1, IsHumanControllingUs: 0, StartBugReporterOnCrash: 0, Is64bit: 1, IsPro: 0

 COMMAND LINE ARGUMENTS:
C:\Program Files\Unity\Hub\Editor\2020.3.8f1\Editor\Unity.exe
-adb2
-batchMode
-noUpm
-name
AssetImportWorker0
-projectPath
D:/shark/Shark 2d
-logFile
Logs/AssetImportWorker0.log
-srvPort
53612
Successfully changed project path to: D:/shark/Shark 2d
D:/shark/Shark 2d
Using Asset Import Pipeline V2.
Refreshing native plugins compatible for Editor in 51.29 ms, found 1 plugins.
Preloading 0 native plugins for Editor in 0.00 ms.
Initialize engine version: 2020.3.8f1 (507919d4fff5)
[Subsystems] Discovering subsystems at path C:/Program Files/Unity/Hub/Editor/2020.3.8f1/Editor/Data/Resources/UnitySubsystems
[Subsystems] Discovering subsystems at path D:/shark/Shark 2d/Assets
GfxDevice: creating device client; threaded=0
Direct3D:
    Version:  Direct3D 11.0 [level 11.0]
    Renderer: NVIDIA Quadro K1100M (ID=0xff6)
    Vendor:   
    VRAM:     2007 MB
    Driver:   25.21.14.2678
Initialize mono
Mono path[0] = 'C:/Program Files/Unity/Hub/Editor/2020.3.8f1/Editor/Data/Managed'
Mono path[1] = 'C:/Program Files/Unity/Hub/Editor/2020.3.8f1/Editor/Data/MonoBleedingEdge/lib/mono/unityjit'
Mono config path = 'C:/Program Files/Unity/Hub/Editor/2020.3.8f1/Editor/Data/MonoBleedingEdge/etc'
Using monoOptions --debugger-agent=transport=dt_socket,embedding=1,server=y,suspend=n,address=127.0.0.1:56268
Begin MonoManager ReloadAssembly
Registering precompiled unity dll's ...
Register platform support module: C:/Program Files/Unity/Hub/Editor/2020.3.8f1/Editor/Data/PlaybackEngines/WindowsStandaloneSupport/UnityEditor.WindowsStandalone.Extensions.dll
Registered in 0.004751 seconds.
Native extension for WindowsStandalone target not found
Refreshing native plugins compatible for Editor in 50.69 ms, found 1 plugins.
Preloading 0 native plugins for Editor in 0.00 ms.
Mono: successfully reloaded assembly
- Completed reload, in  1.782 seconds
Platform modules already initialized, skipping
Registering precompiled user dll's ...
Registered in 0.002024 seconds.
Begin MonoManager ReloadAssembly
Native extension for WindowsStandalone target not found
Refreshing native plugins compatible for Editor in 48.78 ms, found 1 plugins.
Preloading 0 native plugins for Editor in 0.00 ms.
Mono: successfully reloaded assembly
- Completed reload, in  1.408 seconds
Platform modules already initialized, skipping
========================================================================
Worker process is ready to serve import requests
Launched and connected shader compiler UnityShaderCompiler.exe after 0.08 seconds
Refreshing native plugins compatible for Editor in 0.53 ms, found 1 plugins.
Preloading 0 native plugins for Editor in 0.00 ms.
Unloading 1819 Unused Serialized files (Serialized files now loaded: 0)
System memory in use before: 85.1 MB.
System memory in use after: 85.2 MB.

Unloading 19 unused Assets to reduce memory usage. Loaded Objects now: 2268.
Total: 2.938800 ms (FindLiveObjects: 0.212600 ms CreateObjectMapping: 0.086000 ms MarkObjects: 2.457100 ms  DeleteObjects: 0.181700 ms)

========================================================================
Received Import Request.
  path: Assets/Scenes/SampleScene.unity
  artifactKey: Guid(2cda990e2423bbf4892e6590ba056729) Importer(815301076,1909f56bfc062723c751e8b465ee728b)
Start importing Assets/Scenes/SampleScene.unity using Guid(2cda990e2423bbf4892e6590ba056729) Importer(815301076,1909f56bfc062723c751e8b465ee728b)  -> (artifact id: 'd925cb92e3966032dd50113cf9ae5ae2') in 0.023162 seconds
  Import took 0.028011 seconds .

========================================================================
Received Prepare
Registering precompiled user dll's ...
Registered in 0.001660 seconds.
Begin MonoManager ReloadAssembly
Native extension for WindowsStandalone target not found
Refreshing native plugins compatible for Editor in 0.43 ms, found 1 plugins.
Preloading 0 native plugins for Editor in 0.00 ms.
Mono: successfully reloaded assembly
- Completed reload, in  1.029 seconds
Platform modules already initialized, skipping
Refreshing native plugins compatible for Editor in 0.44 ms, found 1 plugins.
Preloading 0 native plugins for Editor in 0.00 ms.
Unloading 1809 Unused Serialized files (Serialized files now loaded: 0)
System memory in use before: 84.6 MB.
System memory in use after: 84.7 MB.

Unloading 7 unused Assets to reduce memory usage. Loaded Objects now: 2272.
Total: 2.724200 ms (FindLiveObjects: 0.239100 ms CreateObjectMapping: 0.146100 ms MarkObjects: 2.309900 ms  DeleteObjects: 0.027800 ms)

========================================================================
Received Import Request.
  Time since last request: 229.116050 seconds.
  path: Assets/ٍScripts/playerMove.cs
  artifactKey: Guid(c4d58499c82739740a1e1e5634bf75ea) Importer(815301076,1909f56bfc062723c751e8b465ee728b)
Start importing Assets/ٍScripts/playerMove.cs using Guid(c4d58499c82739740a1e1e5634bf75ea) Importer(815301076,1909f56bfc062723c751e8b465ee728b)  -> (artifact id: '36c10a6ce52fd9ccc25c8811b078d211') in 0.039029 seconds
  Import took 0.049773 seconds .

========================================================================
Received Prepare
Registering precompiled user dll's ...
Registered in 0.001830 seconds.
Begin MonoManager ReloadAssembly
Native extension for WindowsStandalone target not found
Refreshing native plugins compatible for Editor in 0.70 ms, found 1 plugins.
Preloading 0 native plugins for Editor in 0.00 ms.
Mono: successfully reloaded assembly
- Completed reload, in  1.055 seconds
Platform modules already initialized, skipping
Refreshing native plugins compatible for Editor in 0.47 ms, found 1 plugins.
Preloading 0 native plugins for Editor in 0.00 ms.
Unloading 1809 Unused Serialized files (Serialized files now loaded: 0)
System memory in use before: 84.6 MB.
System memory in use after: 84.7 MB.

Unloading 7 unused Assets to reduce memory usage. Loaded Objects now: 2276.
Total: 2.746300 ms (FindLiveObjects: 0.301400 ms CreateObjectMapping: 0.153800 ms MarkObjects: 2.268800 ms  DeleteObjects: 0.020900 ms)

========================================================================
Received Prepare
Registering precompiled user dll's ...
Registered in 0.004469 seconds.
Begin MonoManager ReloadAssembly
Native extension for WindowsStandalone target not found
Refreshing native plugins compatible for Editor in 0.42 ms, found 1 plugins.
Preloading 0 native plugins for Editor in 0.00 ms.
Mono: successfully reloaded assembly
- Completed reload, in  1.061 seconds
Platform modules already initialized, skipping
Refreshing native plugins compatible for Editor in 0.48 ms, found 1 plugins.
Preloading 0 native plugins for Editor in 0.00 ms.
Unloading 1809 Unused Serialized files (Serialized files now loaded: 0)
System memory in use before: 84.6 MB.
System memory in use after: 84.7 MB.

Unloading 7 unused Assets to reduce memory usage. Loaded Objects now: 2280.
Total: 2.603000 ms (FindLiveObjects: 0.222400 ms CreateObjectMapping: 0.151400 ms MarkObjects: 2.193600 ms  DeleteObjects: 0.034800 ms)

========================================================================
Received Prepare
Registering precompiled user dll's ...
Registered in 0.001755 seconds.
Begin MonoManager ReloadAssembly
Native extension for WindowsStandalone target not found
Refreshing native plugins compatible for Editor in 0.43 ms, found 1 plugins.
Preloading 0 native plugins for Editor in 0.00 ms.
Mono: successfully reloaded assembly
- Completed reload, in  1.158 seconds
Platform modules already initialized, skipping
Refreshing native plugins compatible for Editor in 0.82 ms, found 1 plugins.
Preloading 0 native plugins for Editor in 0.00 ms.
Unloading 1809 Unused Serialized files (Serialized files now loaded: 0)
System memory in use before: 84.6 MB.
System memory in use after: 84.8 MB.

Unloading 7 unused Assets to reduce memory usage. Loaded Objects now: 2284.
Total: 2.746600 ms (FindLiveObjects: 0.232400 ms CreateObjectMapping: 0.087100 ms MarkObjects: 2.395700 ms  DeleteObjects: 0.029700 ms)

========================================================================
Received Prepare
Registering precompiled user dll's ...
Registered in 0.003555 seconds.
Begin MonoManager ReloadAssembly
Native extension for WindowsStandalone target not found
Refreshing native plugins compatible for Editor in 0.45 ms, found 1 plugins.
Preloading 0 native plugins for Editor in 0.00 ms.
Mono: successfully reloaded assembly
- Completed reload, in  1.004 seconds
Platform modules already initialized, skipping
Refreshing native plugins compatible for Editor in 0.47 ms, found 1 plugins.
Preloading 0 native plugins for Editor in 0.00 ms.
Unloading 1809 Unused Serialized files (Serialized files now loaded: 0)
System memory in use before: 84.7 MB.
System memory in use after: 84.8 MB.

Unloading 7 unused Assets to reduce memory usage. Loaded Objects now: 2288.
Total: 4.575300 ms (FindLiveObjects: 0.239200 ms CreateObjectMapping: 0.069200 ms MarkObjects: 4.221200 ms  DeleteObjects: 0.044000 ms)

========================================================================
Received Import Request.
  Time since last request: 481.400691 seconds.
  path: Assets/ٍScripts/play.cs
  artifactKey: Guid(f8a9e4015d321f843b3a4c7371acfc4c) Importer(815301076,1909f56bfc062723c751e8b465ee728b)
Start importing Assets/ٍScripts/play.cs using Guid(f8a9e4015d321f843b3a4c7371acfc4c) Importer(815301076,1909f56bfc062723c751e8b465ee728b)  -> (artifact id: '57f0ac5652fcf1550338b6dc4374be6b') in 0.012201 seconds
  Import took 0.016229 seconds .

========================================================================
Received Import Request.
  Time since last request: 0.001596 seconds.
  path: Assets/ٍScripts/play.cs
  artifactKey: Guid(f8a9e4015d321f843b3a4c7371acfc4c) Importer(815301076,1909f56bfc062723c751e8b465ee728b)
Start importing Assets/ٍScripts/play.cs using Guid(f8a9e4015d321f843b3a4c7371acfc4c) Importer(815301076,1909f56bfc062723c751e8b465ee728b)  -> (artifact id: '57f0ac5652fcf1550338b6dc4374be6b') in 0.003290 seconds
  Import took 0.006699 seconds .

========================================================================
Received Prepare
Registering precompiled user dll's ...
Registered in 0.001693 seconds.
Begin MonoManager ReloadAssembly
Native extension for WindowsStandalone target not found
Refreshing native plugins compatible for Editor in 0.56 ms, found 1 plugins.
Preloading 0 native plugins for Editor in 0.00 ms.
Mono: successfully reloaded assembly
- Completed reload, in  1.059 seconds
Platform modules already initialized, skipping
Refreshing native plugins compatible for Editor in 0.48 ms, found 1 plugins.
Preloading 0 native plugins for Editor in 0.00 ms.
Unloading 1809 Unused Serialized files (Serialized files now loaded: 0)
System memory in use before: 84.7 MB.
System memory in use after: 84.8 MB.

Unloading 7 unused Assets to reduce memory usage. Loaded Objects now: 2292.
Total: 3.007900 ms (FindLiveObjects: 0.261300 ms CreateObjectMapping: 0.139900 ms MarkObjects: 2.565600 ms  DeleteObjects: 0.040300 ms)

========================================================================
Received Import Request.
  Time since last request: 105.202372 seconds.
  path: Assets/Scenes/SampleScene.unity
  artifactKey: Guid(2cda990e2423bbf4892e6590ba056729) Importer(815301076,1909f56bfc062723c751e8b465ee728b)
Start importing Assets/Scenes/SampleScene.unity using Guid(2cda990e2423bbf4892e6590ba056729) Importer(815301076,1909f56bfc062723c751e8b465ee728b)  -> (artifact id: '8c37d73d9b0c859e28af390bbd2a9ea9') in 0.020186 seconds
  Import took 0.024505 seconds .

========================================================================
Received Prepare
Registering precompiled user dll's ...
Registered in 0.001832 seconds.
Begin MonoManager ReloadAssembly
Native extension for WindowsStandalone target not found
Refreshing native plugins compatible for Editor in 0.45 ms, found 1 plugins.
Preloading 0 native plugins for Editor in 0.00 ms.
Mono: successfully reloaded assembly
- Completed reload, in  1.180 seconds
Platform modules already initialized, skipping
Refreshing native plugins compatible for Editor in 0.49 ms, found 1 plugins.
Preloading 0 native plugins for Editor in 0.00 ms.
Unloading 1809 Unused Serialized files (Serialized files now loaded: 0)
System memory in use before: 84.7 MB.
System memory in use after: 84.8 MB.

Unloading 7 unused Assets to reduce memory usage. Loaded Objects now: 2296.
Total: 4.163900 ms (FindLiveObjects: 0.345800 ms CreateObjectMapping: 0.209500 ms MarkObjects: 3.572700 ms  DeleteObjects: 0.034400 ms)

========================================================================
Received Import Request.
  Time since last request: 228.104218 seconds.
  path: Assets/Scenes/SampleScene.unity
  artifactKey: Guid(2cda990e2423bbf4892e6590ba056729) Importer(815301076,1909f56bfc062723c751e8b465ee728b)
Start importing Assets/Scenes/SampleScene.unity using Guid(2cda990e2423bbf4892e6590ba056729) Importer(815301076,1909f56bfc062723c751e8b465ee728b)  -> (artifact id: '4393853fac4b75db4b15d983fd5c255c') in 0.014411 seconds
  Import took 0.018123 seconds .

========================================================================
Received Prepare
Registering precompiled user dll's ...
Registered in 0.001651 seconds.
Begin MonoManager ReloadAssembly
Native extension for WindowsStandalone target not found
Refreshing native plugins compatible for Editor in 0.46 ms, found 1 plugins.
Preloading 0 native plugins for Editor in 0.00 ms.
Mono: successfully reloaded assembly
- Completed reload, in  1.561 seconds
Platform modules already initialized, skipping
Refreshing native plugins compatible for Editor in 0.50 ms, found 1 plugins.
Preloading 0 native plugins for Editor in 0.00 ms.
Unloading 1809 Unused Serialized files (Serialized files now loaded: 0)
System memory in use before: 84.7 MB.
System memory in use after: 84.8 MB.

Unloading 7 unused Assets to reduce memory usage. Loaded Objects now: 2300.
Total: 3.379600 ms (FindLiveObjects: 0.266200 ms CreateObjectMapping: 0.159500 ms MarkObjects: 2.930400 ms  DeleteObjects: 0.022200 ms)

========================================================================
Received Prepare
Refreshing native plugins compatible for Editor in 2.61 ms, found 1 plugins.
Preloading 0 native plugins for Editor in 0.00 ms.
Unloading 5 Unused Serialized files (Serialized files now loaded: 0)
System memory in use before: 49.0 MB.
System memory in use after: 49.1 MB.

Unloading 5 unused Assets to reduce memory usage. Loaded Objects now: 2300.
Total: 3.108500 ms (FindLiveObjects: 0.285600 ms CreateObjectMapping: 0.159000 ms MarkObjects: 2.629700 ms  DeleteObjects: 0.033300 ms)

========================================================================
Received Prepare
Refreshing native plugins compatible for Editor in 2.61 ms, found 1 plugins.
Preloading 0 native plugins for Editor in 0.00 ms.
Unloading 5 Unused Serialized files (Serialized files now loaded: 0)
System memory in use before: 49.0 MB.
System memory in use after: 49.1 MB.

Unloading 5 unused Assets to reduce memory usage. Loaded Objects now: 2300.
Total: 2.254500 ms (FindLiveObjects: 0.251900 ms CreateObjectMapping: 0.072500 ms MarkObjects: 1.917800 ms  DeleteObjects: 0.011400 ms)

========================================================================
Received Prepare
Refreshing native plugins compatible for Editor in 2.69 ms, found 1 plugins.
Preloading 0 native plugins for Editor in 0.00 ms.
Unloading 5 Unused Serialized files (Serialized files now loaded: 0)
System memory in use before: 49.0 MB.
System memory in use after: 49.1 MB.

Unloading 5 unused Assets to reduce memory usage. Loaded Objects now: 2300.
Total: 2.370800 ms (FindLiveObjects: 0.249300 ms CreateObjectMapping: 0.142400 ms MarkObjects: 1.950200 ms  DeleteObjects: 0.028100 ms)

AssetImportWorkerClient::OnTransportError - code=2 error=End of file
